2019-08-19 15:11:53 DEBUG UserDao:186 - =================================
2019-08-19 15:11:53 DEBUG UserDao:187 - =main=
2019-08-19 15:11:53 DEBUG UserDao:188 - =================================
2019-08-19 15:11:53 DEBUG UserDao:70 - ============================
2019-08-19 15:11:53 DEBUG UserDao:71 - sql=
  INSERT INTO users(		 
    u_id,                 
    name,                 
    passwd                
  ) VALUES(               
    ?,                    
    ?,                    
    ?                     
  )                       

2019-08-19 15:11:53 DEBUG UserDao:72 - ============================
2019-08-19 15:11:53 DEBUG UserDao:81 - ============================
2019-08-19 15:11:53 DEBUG UserDao:82 - param=
User [u_id=j01_139, name=박지윤, passwd=1234]
2019-08-19 15:11:54 DEBUG UserDao:83 - ============================
2019-08-19 15:16:47 DEBUG UserDao:199 - =================================
2019-08-19 15:16:47 DEBUG UserDao:200 - =main=
2019-08-19 15:16:47 DEBUG UserDao:201 - =================================
2019-08-19 15:16:47 DEBUG UserDao:87 - ============================
2019-08-19 15:16:47 DEBUG UserDao:88 - sql=
  INSERT INTO users(		 
    u_id,                 
    name,                 
    passwd                
  ) VALUES(               
    ?,                    
    ?,                    
    ?                     
  )                       

2019-08-19 15:16:47 DEBUG UserDao:89 - ============================
2019-08-19 15:16:47 DEBUG UserDao:98 - ============================
2019-08-19 15:16:47 DEBUG UserDao:99 - param=
User [u_id=j01_139, name=박지윤, passwd=1234]
2019-08-19 15:16:47 DEBUG UserDao:100 - ============================
2019-08-19 15:16:47 DEBUG UserDao:106 - ============================
2019-08-19 15:16:47 DEBUG UserDao:107 - Run flag=
1
2019-08-19 15:16:47 DEBUG UserDao:108 - ============================
2019-08-19 15:16:47 DEBUG UserDao:208 - =================================
2019-08-19 15:16:47 DEBUG UserDao:209 - =01.01 add flag
=1
2019-08-19 15:16:47 DEBUG UserDao:210 - =================================
2019-08-19 15:16:47 DEBUG UserDao:213 - =================================
2019-08-19 15:16:47 DEBUG UserDao:214 - =단건등록 성공=j01_139
2019-08-19 15:16:47 DEBUG UserDao:215 - =================================
2019-08-19 15:16:47 DEBUG UserDao:218 - =================================
2019-08-19 15:16:47 DEBUG UserDao:219 - =02단건조회=
2019-08-19 15:16:47 DEBUG UserDao:220 - =================================
2019-08-19 15:16:47 DEBUG UserDao:137 - ============================
2019-08-19 15:16:47 DEBUG UserDao:138 - 01.connection=
oracle.jdbc.driver.T4CConnection@5025a98f
2019-08-19 15:16:47 DEBUG UserDao:139 - ============================
2019-08-19 15:16:47 DEBUG UserDao:152 - ============================
2019-08-19 15:16:47 DEBUG UserDao:153 - sql=
 SELECT 			
 	   u_id, 	
 	   name,    
      passwd     
 FROM users      
 WHERE u_id = ?  

2019-08-19 15:16:47 DEBUG UserDao:154 - ============================
2019-08-19 15:16:47 DEBUG UserDao:161 - =============================
2019-08-19 15:16:47 DEBUG UserDao:162 - 03. id=
j01_139
2019-08-19 15:16:47 DEBUG UserDao:163 - =============================
2019-08-19 15:16:47 DEBUG UserDao:175 - =============================
2019-08-19 15:16:47 DEBUG UserDao:176 - 04. Run outVO=
User [u_id=j01_139, name=박지윤, passwd=1234]
2019-08-19 15:16:47 DEBUG UserDao:177 - =============================
2019-08-19 15:16:47 DEBUG UserDao:227 - ==============================
2019-08-19 15:16:47 DEBUG UserDao:228 - =02.01 단건조회 성공=j01_139
2019-08-19 15:16:47 DEBUG UserDao:229 - ==============================
