2019-08-21 11:48:22 INFO  XmlBeanDefinitionReader:317 - Loading XML bean definitions from class path resource [applicationContext.xml]
2019-08-21 11:48:22 INFO  GenericXmlApplicationContext:583 - Refreshing org.springframework.context.support.GenericXmlApplicationContext@270421f5: startup date [Wed Aug 21 11:48:22 KST 2019]; root of context hierarchy
2019-08-21 11:50:47 INFO  XmlBeanDefinitionReader:317 - Loading XML bean definitions from class path resource [applicationContext.xml]
2019-08-21 11:50:47 INFO  GenericXmlApplicationContext:583 - Refreshing org.springframework.context.support.GenericXmlApplicationContext@270421f5: startup date [Wed Aug 21 11:50:47 KST 2019]; root of context hierarchy
2019-08-21 14:12:58 INFO  XmlBeanDefinitionReader:317 - Loading XML bean definitions from class path resource [applicationContext.xml]
2019-08-21 14:12:58 INFO  GenericXmlApplicationContext:583 - Refreshing org.springframework.context.support.GenericXmlApplicationContext@270421f5: startup date [Wed Aug 21 14:12:58 KST 2019]; root of context hierarchy
2019-08-21 14:13:54 INFO  XmlBeanDefinitionReader:317 - Loading XML bean definitions from class path resource [applicationContext.xml]
2019-08-21 14:13:54 INFO  GenericXmlApplicationContext:583 - Refreshing org.springframework.context.support.GenericXmlApplicationContext@270421f5: startup date [Wed Aug 21 14:13:54 KST 2019]; root of context hierarchy
2019-08-21 14:14:35 INFO  XmlBeanDefinitionReader:317 - Loading XML bean definitions from class path resource [applicationContext.xml]
2019-08-21 14:14:35 INFO  GenericXmlApplicationContext:583 - Refreshing org.springframework.context.support.GenericXmlApplicationContext@270421f5: startup date [Wed Aug 21 14:14:35 KST 2019]; root of context hierarchy
2019-08-21 14:31:22 INFO  XmlBeanDefinitionReader:317 - Loading XML bean definitions from class path resource [applicationContext.xml]
2019-08-21 14:31:22 INFO  GenericXmlApplicationContext:583 - Refreshing org.springframework.context.support.GenericXmlApplicationContext@270421f5: startup date [Wed Aug 21 14:31:22 KST 2019]; root of context hierarchy
2019-08-21 14:32:12 INFO  XmlBeanDefinitionReader:317 - Loading XML bean definitions from class path resource [applicationContext.xml]
2019-08-21 14:32:12 INFO  GenericXmlApplicationContext:583 - Refreshing org.springframework.context.support.GenericXmlApplicationContext@270421f5: startup date [Wed Aug 21 14:32:12 KST 2019]; root of context hierarchy
2019-08-21 14:32:36 INFO  XmlBeanDefinitionReader:317 - Loading XML bean definitions from class path resource [applicationContext.xml]
2019-08-21 14:32:37 INFO  GenericXmlApplicationContext:583 - Refreshing org.springframework.context.support.GenericXmlApplicationContext@270421f5: startup date [Wed Aug 21 14:32:37 KST 2019]; root of context hierarchy
2019-08-21 14:32:39 INFO  XmlBeanDefinitionReader:317 - Loading XML bean definitions from class path resource [applicationContext.xml]
2019-08-21 14:32:39 INFO  GenericXmlApplicationContext:583 - Refreshing org.springframework.context.support.GenericXmlApplicationContext@270421f5: startup date [Wed Aug 21 14:32:39 KST 2019]; root of context hierarchy
2019-08-21 14:34:01 INFO  XmlBeanDefinitionReader:317 - Loading XML bean definitions from class path resource [applicationContext.xml]
2019-08-21 14:44:47 INFO  XmlBeanDefinitionReader:317 - Loading XML bean definitions from class path resource [applicationContext.xml]
2019-08-21 14:44:47 INFO  XmlBeanDefinitionReader:317 - Loading XML bean definitions from class path resource [applicationContext.xml]
2019-08-21 14:44:47 INFO  GenericXmlApplicationContext:583 - Refreshing org.springframework.context.support.GenericXmlApplicationContext@67e023f: startup date [Wed Aug 21 14:44:47 KST 2019]; root of context hierarchy
2019-08-21 14:44:47 INFO  GenericXmlApplicationContext:583 - Refreshing org.springframework.context.support.GenericXmlApplicationContext@383534aa: startup date [Wed Aug 21 14:44:47 KST 2019]; root of context hierarchy
2019-08-21 14:45:18 INFO  XmlBeanDefinitionReader:317 - Loading XML bean definitions from class path resource [applicationContext.xml]
2019-08-21 14:45:18 INFO  XmlBeanDefinitionReader:317 - Loading XML bean definitions from class path resource [applicationContext.xml]
2019-08-21 14:45:18 INFO  GenericXmlApplicationContext:583 - Refreshing org.springframework.context.support.GenericXmlApplicationContext@7efb01c2: startup date [Wed Aug 21 14:45:18 KST 2019]; root of context hierarchy
2019-08-21 14:45:18 INFO  GenericXmlApplicationContext:583 - Refreshing org.springframework.context.support.GenericXmlApplicationContext@383534aa: startup date [Wed Aug 21 14:45:18 KST 2019]; root of context hierarchy
2019-08-21 14:45:55 INFO  XmlBeanDefinitionReader:317 - Loading XML bean definitions from class path resource [applicationContext.xml]
2019-08-21 14:45:55 INFO  GenericXmlApplicationContext:583 - Refreshing org.springframework.context.support.GenericXmlApplicationContext@1be92ed9: startup date [Wed Aug 21 14:45:55 KST 2019]; root of context hierarchy
2019-08-21 14:45:55 INFO  XmlBeanDefinitionReader:317 - Loading XML bean definitions from class path resource [applicationContext.xml]
2019-08-21 14:45:55 INFO  GenericXmlApplicationContext:583 - Refreshing org.springframework.context.support.GenericXmlApplicationContext@39a054a5: startup date [Wed Aug 21 14:45:55 KST 2019]; root of context hierarchy
2019-08-21 14:46:35 INFO  XmlBeanDefinitionReader:317 - Loading XML bean definitions from class path resource [applicationContext.xml]
2019-08-21 14:46:36 INFO  GenericXmlApplicationContext:583 - Refreshing org.springframework.context.support.GenericXmlApplicationContext@61a92f63: startup date [Wed Aug 21 14:46:36 KST 2019]; root of context hierarchy
2019-08-21 14:46:36 INFO  XmlBeanDefinitionReader:317 - Loading XML bean definitions from class path resource [applicationContext.xml]
2019-08-21 14:46:36 INFO  GenericXmlApplicationContext:583 - Refreshing org.springframework.context.support.GenericXmlApplicationContext@39a054a5: startup date [Wed Aug 21 14:46:36 KST 2019]; root of context hierarchy
2019-08-21 15:06:13 INFO  XmlBeanDefinitionReader:317 - Loading XML bean definitions from class path resource [applicationContext.xml]
2019-08-21 15:06:13 INFO  GenericXmlApplicationContext:583 - Refreshing org.springframework.context.support.GenericXmlApplicationContext@1720e212: startup date [Wed Aug 21 15:06:13 KST 2019]; root of context hierarchy
2019-08-21 15:06:14 INFO  XmlBeanDefinitionReader:317 - Loading XML bean definitions from class path resource [applicationContext.xml]
2019-08-21 15:06:14 INFO  GenericXmlApplicationContext:583 - Refreshing org.springframework.context.support.GenericXmlApplicationContext@1055e4af: startup date [Wed Aug 21 15:06:14 KST 2019]; root of context hierarchy
2019-08-21 15:06:14 INFO  XmlBeanDefinitionReader:317 - Loading XML bean definitions from class path resource [applicationContext.xml]
2019-08-21 15:06:14 INFO  GenericXmlApplicationContext:583 - Refreshing org.springframework.context.support.GenericXmlApplicationContext@7cef4e59: startup date [Wed Aug 21 15:06:14 KST 2019]; root of context hierarchy
2019-08-21 15:19:42 INFO  XmlBeanDefinitionReader:317 - Loading XML bean definitions from class path resource [applicationContext.xml]
2019-08-21 15:19:42 INFO  GenericXmlApplicationContext:583 - Refreshing org.springframework.context.support.GenericXmlApplicationContext@d70c109: startup date [Wed Aug 21 15:19:42 KST 2019]; root of context hierarchy
2019-08-21 15:19:42 INFO  XmlBeanDefinitionReader:317 - Loading XML bean definitions from class path resource [applicationContext.xml]
2019-08-21 15:19:42 INFO  GenericXmlApplicationContext:583 - Refreshing org.springframework.context.support.GenericXmlApplicationContext@71623278: startup date [Wed Aug 21 15:19:42 KST 2019]; root of context hierarchy
2019-08-21 15:19:42 INFO  XmlBeanDefinitionReader:317 - Loading XML bean definitions from class path resource [applicationContext.xml]
2019-08-21 15:19:42 INFO  GenericXmlApplicationContext:583 - Refreshing org.springframework.context.support.GenericXmlApplicationContext@43d7741f: startup date [Wed Aug 21 15:19:42 KST 2019]; root of context hierarchy
2019-08-21 15:27:21 INFO  XmlBeanDefinitionReader:317 - Loading XML bean definitions from class path resource [applicationContext.xml]
2019-08-21 15:27:21 INFO  GenericXmlApplicationContext:583 - Refreshing org.springframework.context.support.GenericXmlApplicationContext@1a84f40f: startup date [Wed Aug 21 15:27:21 KST 2019]; root of context hierarchy
2019-08-21 15:27:22 INFO  XmlBeanDefinitionReader:317 - Loading XML bean definitions from class path resource [applicationContext.xml]
2019-08-21 15:27:22 INFO  GenericXmlApplicationContext:583 - Refreshing org.springframework.context.support.GenericXmlApplicationContext@5026735c: startup date [Wed Aug 21 15:27:22 KST 2019]; root of context hierarchy
2019-08-21 15:27:22 INFO  XmlBeanDefinitionReader:317 - Loading XML bean definitions from class path resource [applicationContext.xml]
2019-08-21 15:27:22 INFO  GenericXmlApplicationContext:583 - Refreshing org.springframework.context.support.GenericXmlApplicationContext@258d79be: startup date [Wed Aug 21 15:27:22 KST 2019]; root of context hierarchy
2019-08-21 15:32:04 INFO  DefaultTestContextBootstrapper:260 - Loaded default TestExecutionListener class names from location [META-INF/spring.factories]: [org.springframework.test.context.web.ServletTestExecutionListener, org.springframework.test.context.support.DirtiesContextBeforeModesTestExecutionListener, org.springframework.test.context.support.DependencyInjectionTestExecutionListener, org.springframework.test.context.support.DirtiesContextTestExecutionListener, org.springframework.test.context.transaction.TransactionalTestExecutionListener, org.springframework.test.context.jdbc.SqlScriptsTestExecutionListener]
2019-08-21 15:32:04 INFO  DefaultTestContextBootstrapper:209 - Could not instantiate TestExecutionListener [org.springframework.test.context.web.ServletTestExecutionListener]. Specify custom listener classes or make the default listener classes (and their required dependencies) available. Offending class: [javax/servlet/ServletContext]
2019-08-21 15:32:04 INFO  DefaultTestContextBootstrapper:187 - Using TestExecutionListeners: [org.springframework.test.context.support.DirtiesContextBeforeModesTestExecutionListener@6b143ee9, org.springframework.test.context.support.DependencyInjectionTestExecutionListener@1936f0f5, org.springframework.test.context.support.DirtiesContextTestExecutionListener@6615435c, org.springframework.test.context.transaction.TransactionalTestExecutionListener@4909b8da, org.springframework.test.context.jdbc.SqlScriptsTestExecutionListener@3a03464]
2019-08-21 15:32:04 INFO  XmlBeanDefinitionReader:317 - Loading XML bean definitions from class path resource [applicationContext.xml]
2019-08-21 15:32:04 INFO  GenericApplicationContext:583 - Refreshing org.springframework.context.support.GenericApplicationContext@1593948d: startup date [Wed Aug 21 15:32:04 KST 2019]; root of context hierarchy
2019-08-21 15:32:04 INFO  GenericApplicationContext:984 - Closing org.springframework.context.support.GenericApplicationContext@1593948d: startup date [Wed Aug 21 15:32:04 KST 2019]; root of context hierarchy
2019-08-21 15:33:52 INFO  DefaultTestContextBootstrapper:260 - Loaded default TestExecutionListener class names from location [META-INF/spring.factories]: [org.springframework.test.context.web.ServletTestExecutionListener, org.springframework.test.context.support.DirtiesContextBeforeModesTestExecutionListener, org.springframework.test.context.support.DependencyInjectionTestExecutionListener, org.springframework.test.context.support.DirtiesContextTestExecutionListener, org.springframework.test.context.transaction.TransactionalTestExecutionListener, org.springframework.test.context.jdbc.SqlScriptsTestExecutionListener]
2019-08-21 15:33:52 INFO  DefaultTestContextBootstrapper:209 - Could not instantiate TestExecutionListener [org.springframework.test.context.web.ServletTestExecutionListener]. Specify custom listener classes or make the default listener classes (and their required dependencies) available. Offending class: [javax/servlet/ServletContext]
2019-08-21 15:33:52 INFO  DefaultTestContextBootstrapper:187 - Using TestExecutionListeners: [org.springframework.test.context.support.DirtiesContextBeforeModesTestExecutionListener@6b143ee9, org.springframework.test.context.support.DependencyInjectionTestExecutionListener@1936f0f5, org.springframework.test.context.support.DirtiesContextTestExecutionListener@6615435c, org.springframework.test.context.transaction.TransactionalTestExecutionListener@4909b8da, org.springframework.test.context.jdbc.SqlScriptsTestExecutionListener@3a03464]
2019-08-21 15:33:52 INFO  XmlBeanDefinitionReader:317 - Loading XML bean definitions from class path resource [applicationContext.xml]
2019-08-21 15:33:52 INFO  GenericApplicationContext:583 - Refreshing org.springframework.context.support.GenericApplicationContext@1593948d: startup date [Wed Aug 21 15:33:52 KST 2019]; root of context hierarchy
2019-08-21 15:33:52 INFO  GenericApplicationContext:984 - Closing org.springframework.context.support.GenericApplicationContext@1593948d: startup date [Wed Aug 21 15:33:52 KST 2019]; root of context hierarchy
2019-08-21 15:34:10 INFO  DefaultTestContextBootstrapper:260 - Loaded default TestExecutionListener class names from location [META-INF/spring.factories]: [org.springframework.test.context.web.ServletTestExecutionListener, org.springframework.test.context.support.DirtiesContextBeforeModesTestExecutionListener, org.springframework.test.context.support.DependencyInjectionTestExecutionListener, org.springframework.test.context.support.DirtiesContextTestExecutionListener, org.springframework.test.context.transaction.TransactionalTestExecutionListener, org.springframework.test.context.jdbc.SqlScriptsTestExecutionListener]
2019-08-21 15:34:10 INFO  DefaultTestContextBootstrapper:209 - Could not instantiate TestExecutionListener [org.springframework.test.context.web.ServletTestExecutionListener]. Specify custom listener classes or make the default listener classes (and their required dependencies) available. Offending class: [javax/servlet/ServletContext]
2019-08-21 15:34:10 INFO  DefaultTestContextBootstrapper:187 - Using TestExecutionListeners: [org.springframework.test.context.support.DirtiesContextBeforeModesTestExecutionListener@6b143ee9, org.springframework.test.context.support.DependencyInjectionTestExecutionListener@1936f0f5, org.springframework.test.context.support.DirtiesContextTestExecutionListener@6615435c, org.springframework.test.context.transaction.TransactionalTestExecutionListener@4909b8da, org.springframework.test.context.jdbc.SqlScriptsTestExecutionListener@3a03464]
2019-08-21 15:34:10 INFO  XmlBeanDefinitionReader:317 - Loading XML bean definitions from class path resource [applicationContext.xml]
2019-08-21 15:34:10 INFO  GenericApplicationContext:583 - Refreshing org.springframework.context.support.GenericApplicationContext@1593948d: startup date [Wed Aug 21 15:34:10 KST 2019]; root of context hierarchy
2019-08-21 15:34:10 INFO  GenericApplicationContext:984 - Closing org.springframework.context.support.GenericApplicationContext@1593948d: startup date [Wed Aug 21 15:34:10 KST 2019]; root of context hierarchy
2019-08-21 15:34:48 INFO  XmlBeanDefinitionReader:317 - Loading XML bean definitions from class path resource [applicationContext.xml]
2019-08-21 15:34:48 INFO  GenericXmlApplicationContext:583 - Refreshing org.springframework.context.support.GenericXmlApplicationContext@62bdfce1: startup date [Wed Aug 21 15:34:48 KST 2019]; root of context hierarchy
2019-08-21 15:34:49 INFO  XmlBeanDefinitionReader:317 - Loading XML bean definitions from class path resource [applicationContext.xml]
2019-08-21 15:34:49 INFO  GenericXmlApplicationContext:583 - Refreshing org.springframework.context.support.GenericXmlApplicationContext@4d49af10: startup date [Wed Aug 21 15:34:49 KST 2019]; root of context hierarchy
2019-08-21 15:34:49 INFO  XmlBeanDefinitionReader:317 - Loading XML bean definitions from class path resource [applicationContext.xml]
2019-08-21 15:34:49 INFO  GenericXmlApplicationContext:583 - Refreshing org.springframework.context.support.GenericXmlApplicationContext@770c2e6b: startup date [Wed Aug 21 15:34:49 KST 2019]; root of context hierarchy
2019-08-21 15:34:54 INFO  XmlBeanDefinitionReader:317 - Loading XML bean definitions from class path resource [applicationContext.xml]
2019-08-21 15:34:55 INFO  GenericXmlApplicationContext:583 - Refreshing org.springframework.context.support.GenericXmlApplicationContext@1a84f40f: startup date [Wed Aug 21 15:34:55 KST 2019]; root of context hierarchy
2019-08-21 15:34:55 INFO  XmlBeanDefinitionReader:317 - Loading XML bean definitions from class path resource [applicationContext.xml]
2019-08-21 15:34:55 INFO  GenericXmlApplicationContext:583 - Refreshing org.springframework.context.support.GenericXmlApplicationContext@5026735c: startup date [Wed Aug 21 15:34:55 KST 2019]; root of context hierarchy
2019-08-21 15:34:55 INFO  XmlBeanDefinitionReader:317 - Loading XML bean definitions from class path resource [applicationContext.xml]
2019-08-21 15:34:55 INFO  GenericXmlApplicationContext:583 - Refreshing org.springframework.context.support.GenericXmlApplicationContext@258d79be: startup date [Wed Aug 21 15:34:55 KST 2019]; root of context hierarchy
2019-08-21 15:35:02 INFO  DefaultTestContextBootstrapper:260 - Loaded default TestExecutionListener class names from location [META-INF/spring.factories]: [org.springframework.test.context.web.ServletTestExecutionListener, org.springframework.test.context.support.DirtiesContextBeforeModesTestExecutionListener, org.springframework.test.context.support.DependencyInjectionTestExecutionListener, org.springframework.test.context.support.DirtiesContextTestExecutionListener, org.springframework.test.context.transaction.TransactionalTestExecutionListener, org.springframework.test.context.jdbc.SqlScriptsTestExecutionListener]
2019-08-21 15:35:02 INFO  DefaultTestContextBootstrapper:209 - Could not instantiate TestExecutionListener [org.springframework.test.context.web.ServletTestExecutionListener]. Specify custom listener classes or make the default listener classes (and their required dependencies) available. Offending class: [javax/servlet/ServletContext]
2019-08-21 15:35:02 INFO  DefaultTestContextBootstrapper:187 - Using TestExecutionListeners: [org.springframework.test.context.support.DirtiesContextBeforeModesTestExecutionListener@4b5d6a01, org.springframework.test.context.support.DependencyInjectionTestExecutionListener@4a22f9e2, org.springframework.test.context.support.DirtiesContextTestExecutionListener@3c419631, org.springframework.test.context.transaction.TransactionalTestExecutionListener@418e7838, org.springframework.test.context.jdbc.SqlScriptsTestExecutionListener@61230f6a]
2019-08-21 15:35:02 INFO  XmlBeanDefinitionReader:317 - Loading XML bean definitions from class path resource [applicationContext.xml]
2019-08-21 15:35:02 INFO  GenericApplicationContext:583 - Refreshing org.springframework.context.support.GenericApplicationContext@7b9a4292: startup date [Wed Aug 21 15:35:02 KST 2019]; root of context hierarchy
2019-08-21 15:35:02 INFO  GenericApplicationContext:984 - Closing org.springframework.context.support.GenericApplicationContext@7b9a4292: startup date [Wed Aug 21 15:35:02 KST 2019]; root of context hierarchy
2019-08-21 15:35:11 INFO  DefaultTestContextBootstrapper:260 - Loaded default TestExecutionListener class names from location [META-INF/spring.factories]: [org.springframework.test.context.web.ServletTestExecutionListener, org.springframework.test.context.support.DirtiesContextBeforeModesTestExecutionListener, org.springframework.test.context.support.DependencyInjectionTestExecutionListener, org.springframework.test.context.support.DirtiesContextTestExecutionListener, org.springframework.test.context.transaction.TransactionalTestExecutionListener, org.springframework.test.context.jdbc.SqlScriptsTestExecutionListener]
2019-08-21 15:35:11 INFO  DefaultTestContextBootstrapper:209 - Could not instantiate TestExecutionListener [org.springframework.test.context.web.ServletTestExecutionListener]. Specify custom listener classes or make the default listener classes (and their required dependencies) available. Offending class: [javax/servlet/ServletContext]
2019-08-21 15:35:11 INFO  DefaultTestContextBootstrapper:187 - Using TestExecutionListeners: [org.springframework.test.context.support.DirtiesContextBeforeModesTestExecutionListener@97e1986, org.springframework.test.context.support.DependencyInjectionTestExecutionListener@26f67b76, org.springframework.test.context.support.DirtiesContextTestExecutionListener@153f5a29, org.springframework.test.context.transaction.TransactionalTestExecutionListener@7f560810, org.springframework.test.context.jdbc.SqlScriptsTestExecutionListener@69d9c55]
2019-08-21 15:35:11 INFO  XmlBeanDefinitionReader:317 - Loading XML bean definitions from class path resource [applicationContext.xml]
2019-08-21 15:35:11 INFO  GenericXmlApplicationContext:583 - Refreshing org.springframework.context.support.GenericXmlApplicationContext@4764c55e: startup date [Wed Aug 21 15:35:11 KST 2019]; root of context hierarchy
2019-08-21 15:35:12 INFO  XmlBeanDefinitionReader:317 - Loading XML bean definitions from class path resource [applicationContext.xml]
2019-08-21 15:35:12 INFO  GenericXmlApplicationContext:583 - Refreshing org.springframework.context.support.GenericXmlApplicationContext@396a51ab: startup date [Wed Aug 21 15:35:12 KST 2019]; root of context hierarchy
2019-08-21 15:35:12 INFO  XmlBeanDefinitionReader:317 - Loading XML bean definitions from class path resource [applicationContext.xml]
2019-08-21 15:35:12 INFO  GenericXmlApplicationContext:583 - Refreshing org.springframework.context.support.GenericXmlApplicationContext@6767c1fc: startup date [Wed Aug 21 15:35:12 KST 2019]; root of context hierarchy
2019-08-21 15:35:12 INFO  XmlBeanDefinitionReader:317 - Loading XML bean definitions from class path resource [applicationContext.xml]
2019-08-21 15:35:12 INFO  GenericXmlApplicationContext:583 - Refreshing org.springframework.context.support.GenericXmlApplicationContext@5e3a8624: startup date [Wed Aug 21 15:35:12 KST 2019]; root of context hierarchy
2019-08-21 15:35:13 INFO  XmlBeanDefinitionReader:317 - Loading XML bean definitions from class path resource [applicationContext.xml]
2019-08-21 15:35:13 INFO  GenericXmlApplicationContext:583 - Refreshing org.springframework.context.support.GenericXmlApplicationContext@146ba0ac: startup date [Wed Aug 21 15:35:13 KST 2019]; root of context hierarchy
2019-08-21 15:35:13 INFO  XmlBeanDefinitionReader:317 - Loading XML bean definitions from class path resource [applicationContext.xml]
2019-08-21 15:35:13 INFO  GenericXmlApplicationContext:583 - Refreshing org.springframework.context.support.GenericXmlApplicationContext@5bcab519: startup date [Wed Aug 21 15:35:13 KST 2019]; root of context hierarchy
2019-08-21 15:35:13 INFO  XmlBeanDefinitionReader:317 - Loading XML bean definitions from class path resource [applicationContext.xml]
2019-08-21 15:35:13 INFO  GenericApplicationContext:583 - Refreshing org.springframework.context.support.GenericApplicationContext@617faa95: startup date [Wed Aug 21 15:35:13 KST 2019]; root of context hierarchy
2019-08-21 15:35:13 INFO  GenericApplicationContext:984 - Closing org.springframework.context.support.GenericApplicationContext@617faa95: startup date [Wed Aug 21 15:35:13 KST 2019]; root of context hierarchy
2019-08-21 15:38:05 INFO  XmlBeanDefinitionReader:317 - Loading XML bean definitions from class path resource [applicationContext.xml]
2019-08-21 15:38:06 INFO  GenericXmlApplicationContext:583 - Refreshing org.springframework.context.support.GenericXmlApplicationContext@d70c109: startup date [Wed Aug 21 15:38:06 KST 2019]; root of context hierarchy
2019-08-21 15:38:06 INFO  XmlBeanDefinitionReader:317 - Loading XML bean definitions from class path resource [applicationContext.xml]
2019-08-21 15:38:06 INFO  GenericXmlApplicationContext:583 - Refreshing org.springframework.context.support.GenericXmlApplicationContext@1f021e6c: startup date [Wed Aug 21 15:38:06 KST 2019]; root of context hierarchy
2019-08-21 15:38:06 INFO  XmlBeanDefinitionReader:317 - Loading XML bean definitions from class path resource [applicationContext.xml]
2019-08-21 15:38:06 INFO  GenericXmlApplicationContext:583 - Refreshing org.springframework.context.support.GenericXmlApplicationContext@543e710e: startup date [Wed Aug 21 15:38:06 KST 2019]; root of context hierarchy
2019-08-22 09:22:55 INFO  XmlBeanDefinitionReader:317 - Loading XML bean definitions from class path resource [applicationContext.xml]
2019-08-22 09:22:55 INFO  GenericXmlApplicationContext:583 - Refreshing org.springframework.context.support.GenericXmlApplicationContext@22a71081: startup date [Thu Aug 22 09:22:55 KST 2019]; root of context hierarchy
2019-08-22 09:22:56 INFO  XmlBeanDefinitionReader:317 - Loading XML bean definitions from class path resource [applicationContext.xml]
2019-08-22 09:22:56 INFO  GenericXmlApplicationContext:583 - Refreshing org.springframework.context.support.GenericXmlApplicationContext@4bb4de6a: startup date [Thu Aug 22 09:22:56 KST 2019]; root of context hierarchy
2019-08-22 09:23:35 INFO  XmlBeanDefinitionReader:317 - Loading XML bean definitions from class path resource [applicationContext.xml]
2019-08-22 09:23:35 INFO  GenericXmlApplicationContext:583 - Refreshing org.springframework.context.support.GenericXmlApplicationContext@6c9f5c0d: startup date [Thu Aug 22 09:23:35 KST 2019]; root of context hierarchy
2019-08-22 09:24:01 INFO  XmlBeanDefinitionReader:317 - Loading XML bean definitions from class path resource [applicationContext.xml]
2019-08-22 09:24:01 INFO  GenericXmlApplicationContext:583 - Refreshing org.springframework.context.support.GenericXmlApplicationContext@22a71081: startup date [Thu Aug 22 09:24:01 KST 2019]; root of context hierarchy
2019-08-22 09:24:02 INFO  XmlBeanDefinitionReader:317 - Loading XML bean definitions from class path resource [applicationContext.xml]
2019-08-22 09:24:02 INFO  GenericXmlApplicationContext:583 - Refreshing org.springframework.context.support.GenericXmlApplicationContext@4bb4de6a: startup date [Thu Aug 22 09:24:02 KST 2019]; root of context hierarchy
2019-08-22 09:24:12 INFO  XmlBeanDefinitionReader:317 - Loading XML bean definitions from class path resource [applicationContext.xml]
2019-08-22 09:24:12 INFO  GenericXmlApplicationContext:583 - Refreshing org.springframework.context.support.GenericXmlApplicationContext@58a90037: startup date [Thu Aug 22 09:24:12 KST 2019]; root of context hierarchy
2019-08-22 09:25:17 INFO  XmlBeanDefinitionReader:317 - Loading XML bean definitions from class path resource [applicationContext.xml]
2019-08-22 09:25:17 INFO  GenericXmlApplicationContext:583 - Refreshing org.springframework.context.support.GenericXmlApplicationContext@3d299e3: startup date [Thu Aug 22 09:25:17 KST 2019]; root of context hierarchy
2019-08-22 09:25:18 INFO  XmlBeanDefinitionReader:317 - Loading XML bean definitions from class path resource [applicationContext.xml]
2019-08-22 09:25:18 INFO  GenericXmlApplicationContext:583 - Refreshing org.springframework.context.support.GenericXmlApplicationContext@73a8da0f: startup date [Thu Aug 22 09:25:18 KST 2019]; root of context hierarchy
2019-08-22 09:25:18 INFO  XmlBeanDefinitionReader:317 - Loading XML bean definitions from class path resource [applicationContext.xml]
2019-08-22 09:25:18 INFO  GenericXmlApplicationContext:583 - Refreshing org.springframework.context.support.GenericXmlApplicationContext@5965be2d: startup date [Thu Aug 22 09:25:18 KST 2019]; root of context hierarchy
