2019-08-19 11:38:35 DEBUG UserDao:37 - =================================
2019-08-19 11:38:35 DEBUG UserDao:38 - =main=
2019-08-19 11:38:35 DEBUG UserDao:39 - =================================
2019-08-19 11:47:25 DEBUG UserDao:78 - =================================
2019-08-19 11:47:25 DEBUG UserDao:79 - =main=
2019-08-19 11:47:25 DEBUG UserDao:80 - =================================
2019-08-19 11:47:26 DEBUG UserDao:50 - =======================
2019-08-19 11:47:26 DEBUG UserDao:51 - =Connection==oracle.jdbc.driver.T4CConnection@1f89ab83
2019-08-19 11:47:26 DEBUG UserDao:52 - =======================
2019-08-19 14:24:23 DEBUG UserDao:123 - =================================
2019-08-19 14:24:23 DEBUG UserDao:124 - =main=
2019-08-19 14:24:23 DEBUG UserDao:125 - =================================
2019-08-19 14:24:24 DEBUG UserDao:69 - ============================
2019-08-19 14:24:24 DEBUG UserDao:70 - sql=
  INSERT INTO users(		 
    u_id,                 
    name,                 
    passwd                
  ) VALUES(               
    ?,                    
    ?,                    
    ?                     
  )                       

2019-08-19 14:24:24 DEBUG UserDao:71 - ============================
2019-08-19 14:24:24 DEBUG UserDao:80 - ============================
2019-08-19 14:24:24 DEBUG UserDao:81 - param=
User [u_id=j01_139, name=박지윤, passwd=1234]
2019-08-19 14:24:24 DEBUG UserDao:82 - ============================
2019-08-19 14:25:04 DEBUG UserDao:123 - =================================
2019-08-19 14:25:04 DEBUG UserDao:124 - =main=
2019-08-19 14:25:04 DEBUG UserDao:125 - =================================
2019-08-19 14:25:05 DEBUG UserDao:69 - ============================
2019-08-19 14:25:05 DEBUG UserDao:70 - sql=
  INSERT INTO users(		 
    u_id,                 
    name,                 
    passwd                
  ) VALUES(               
    ?,                    
    ?,                    
    ?                     
  )                       

2019-08-19 14:25:05 DEBUG UserDao:71 - ============================
2019-08-19 14:25:05 DEBUG UserDao:80 - ============================
2019-08-19 14:25:05 DEBUG UserDao:81 - param=
User [u_id=j01_139, name=박지윤, passwd=1234]
2019-08-19 14:25:05 DEBUG UserDao:82 - ============================
2019-08-19 14:25:05 DEBUG UserDao:88 - ============================
2019-08-19 14:25:05 DEBUG UserDao:89 - Run flag=
1
2019-08-19 14:25:05 DEBUG UserDao:90 - ============================
2019-08-19 14:25:05 DEBUG UserDao:132 - =================================
2019-08-19 14:25:05 DEBUG UserDao:133 - =01.flag
=1
2019-08-19 14:25:05 DEBUG UserDao:134 - =================================
2019-08-19 14:47:48 DEBUG UserDao:186 - =================================
2019-08-19 14:47:48 DEBUG UserDao:187 - =main=
2019-08-19 14:47:48 DEBUG UserDao:188 - =================================
2019-08-19 14:47:50 DEBUG UserDao:70 - ============================
2019-08-19 14:47:50 DEBUG UserDao:71 - sql=
  INSERT INTO users(		 
    u_id,                 
    name,                 
    passwd                
  ) VALUES(               
    ?,                    
    ?,                    
    ?                     
  )                       

2019-08-19 14:47:50 DEBUG UserDao:72 - ============================
2019-08-19 14:47:50 DEBUG UserDao:81 - ============================
2019-08-19 14:47:50 DEBUG UserDao:82 - param=
User [u_id=j01_139, name=박지윤, passwd=1234]
2019-08-19 14:47:50 DEBUG UserDao:83 - ============================
2019-08-19 14:47:50 DEBUG UserDao:89 - ============================
2019-08-19 14:47:50 DEBUG UserDao:90 - Run flag=
1
2019-08-19 14:47:50 DEBUG UserDao:91 - ============================
2019-08-19 14:47:50 DEBUG UserDao:195 - =================================
2019-08-19 14:47:50 DEBUG UserDao:196 - =01.01 add flag
=1
2019-08-19 14:47:50 DEBUG UserDao:197 - =================================
2019-08-19 14:47:50 DEBUG UserDao:205 - =================================
2019-08-19 14:47:50 DEBUG UserDao:206 - =02단건조회=
2019-08-19 14:47:50 DEBUG UserDao:207 - =================================
2019-08-19 14:47:50 DEBUG UserDao:124 - ============================
2019-08-19 14:47:50 DEBUG UserDao:125 - 01.connection=
oracle.jdbc.driver.T4CConnection@5025a98f
2019-08-19 14:47:50 DEBUG UserDao:126 - ============================
2019-08-19 14:47:50 DEBUG UserDao:139 - ============================
2019-08-19 14:47:50 DEBUG UserDao:140 - sql=
 SELECT 			
 	   u_id, 	
 	   name,    
      passwd     
 FROM USERS ;    
 WHERE u_id = ?  

2019-08-19 14:47:50 DEBUG UserDao:141 - ============================
2019-08-19 14:47:50 DEBUG UserDao:148 - =============================
2019-08-19 14:47:50 DEBUG UserDao:149 - 03. id=
j01_139
2019-08-19 14:47:50 DEBUG UserDao:150 - =============================
2019-08-19 14:49:27 DEBUG UserDao:186 - =================================
2019-08-19 14:49:27 DEBUG UserDao:187 - =main=
2019-08-19 14:49:27 DEBUG UserDao:188 - =================================
2019-08-19 14:49:27 DEBUG UserDao:70 - ============================
2019-08-19 14:49:27 DEBUG UserDao:71 - sql=
  INSERT INTO users(		 
    u_id,                 
    name,                 
    passwd                
  ) VALUES(               
    ?,                    
    ?,                    
    ?                     
  )                       

2019-08-19 14:49:27 DEBUG UserDao:72 - ============================
2019-08-19 14:49:27 DEBUG UserDao:81 - ============================
2019-08-19 14:49:27 DEBUG UserDao:82 - param=
User [u_id=j01_139, name=박지윤, passwd=1234]
2019-08-19 14:49:27 DEBUG UserDao:83 - ============================
2019-08-19 14:50:16 DEBUG UserDao:186 - =================================
2019-08-19 14:50:16 DEBUG UserDao:187 - =main=
2019-08-19 14:50:16 DEBUG UserDao:188 - =================================
2019-08-19 14:50:17 DEBUG UserDao:70 - ============================
2019-08-19 14:50:17 DEBUG UserDao:71 - sql=
  INSERT INTO users(		 
    u_id,                 
    name,                 
    passwd                
  ) VALUES(               
    ?,                    
    ?,                    
    ?                     
  )                       

2019-08-19 14:50:17 DEBUG UserDao:72 - ============================
2019-08-19 14:50:17 DEBUG UserDao:81 - ============================
2019-08-19 14:50:17 DEBUG UserDao:82 - param=
User [u_id=j01_139, name=박지윤, passwd=1234]
2019-08-19 14:50:17 DEBUG UserDao:83 - ============================
2019-08-19 14:53:41 DEBUG UserDao:186 - =================================
2019-08-19 14:53:41 DEBUG UserDao:187 - =main=
2019-08-19 14:53:41 DEBUG UserDao:188 - =================================
2019-08-19 14:53:41 DEBUG UserDao:70 - ============================
2019-08-19 14:53:41 DEBUG UserDao:71 - sql=
  INSERT INTO users(		 
    u_id,                 
    name,                 
    passwd                
  ) VALUES(               
    ?,                    
    ?,                    
    ?                     
  )                       

2019-08-19 14:53:41 DEBUG UserDao:72 - ============================
2019-08-19 14:53:41 DEBUG UserDao:81 - ============================
2019-08-19 14:53:41 DEBUG UserDao:82 - param=
User [u_id=j01_139, name=박지윤, passwd=1234]
2019-08-19 14:53:41 DEBUG UserDao:83 - ============================
2019-08-19 14:54:08 DEBUG UserDao:186 - =================================
2019-08-19 14:54:08 DEBUG UserDao:187 - =main=
2019-08-19 14:54:08 DEBUG UserDao:188 - =================================
2019-08-19 14:54:08 DEBUG UserDao:70 - ============================
2019-08-19 14:54:08 DEBUG UserDao:71 - sql=
  INSERT INTO users(		 
    u_id,                 
    name,                 
    passwd                
  ) VALUES(               
    ?,                    
    ?,                    
    ?                     
  )                       

2019-08-19 14:54:08 DEBUG UserDao:72 - ============================
2019-08-19 14:54:08 DEBUG UserDao:81 - ============================
2019-08-19 14:54:08 DEBUG UserDao:82 - param=
User [u_id=j01_139, name=박지윤, passwd=1234]
2019-08-19 14:54:08 DEBUG UserDao:83 - ============================
2019-08-19 14:54:08 DEBUG UserDao:89 - ============================
2019-08-19 14:54:08 DEBUG UserDao:90 - Run flag=
1
2019-08-19 14:54:08 DEBUG UserDao:91 - ============================
2019-08-19 14:54:08 DEBUG UserDao:195 - =================================
2019-08-19 14:54:08 DEBUG UserDao:196 - =01.01 add flag
=1
2019-08-19 14:54:08 DEBUG UserDao:197 - =================================
2019-08-19 14:54:08 DEBUG UserDao:200 - =================================
2019-08-19 14:54:08 DEBUG UserDao:201 - =단건등록 성공=j01_139
2019-08-19 14:54:08 DEBUG UserDao:202 - =================================
2019-08-19 14:54:08 DEBUG UserDao:205 - =================================
2019-08-19 14:54:08 DEBUG UserDao:206 - =02단건조회=
2019-08-19 14:54:08 DEBUG UserDao:207 - =================================
2019-08-19 14:54:08 DEBUG UserDao:124 - ============================
2019-08-19 14:54:08 DEBUG UserDao:125 - 01.connection=
oracle.jdbc.driver.T4CConnection@5025a98f
2019-08-19 14:54:08 DEBUG UserDao:126 - ============================
2019-08-19 14:54:08 DEBUG UserDao:139 - ============================
2019-08-19 14:54:08 DEBUG UserDao:140 - sql=
 SELECT 			
 	   u_id, 	
 	   name,    
      passwd     
 FROM users      
 WHERE u_id = ?  

2019-08-19 14:54:08 DEBUG UserDao:141 - ============================
2019-08-19 14:54:08 DEBUG UserDao:148 - =============================
2019-08-19 14:54:08 DEBUG UserDao:149 - 03. id=
j01_139
2019-08-19 14:54:08 DEBUG UserDao:150 - =============================
2019-08-19 14:54:08 DEBUG UserDao:162 - =============================
2019-08-19 14:54:08 DEBUG UserDao:163 - 04. Run outVO=
User [u_id=j01_139, name=박지윤, passwd=1234]
2019-08-19 14:54:08 DEBUG UserDao:164 - =============================
2019-08-19 14:54:08 DEBUG UserDao:214 - ==============================
2019-08-19 14:54:08 DEBUG UserDao:215 - =02.01 단건조회 성공=j01_139
2019-08-19 14:54:08 DEBUG UserDao:216 - ==============================
